Traceback (most recent call last):
  File "/usr/local/python/3.12.1/lib/python3.12/site-packages/jupyter_cache/executors/utils.py", line 58, in single_nb_execution
    executenb(
  File "/usr/local/python/3.12.1/lib/python3.12/site-packages/nbclient/client.py", line 1305, in execute
    return NotebookClient(nb=nb, resources=resources, km=km, **kwargs).execute()
           ^^^^^^^^^^^^^^^^^^^^^^^^^^^^^^^^^^^^^^^^^^^^^^^^^^^^^^^^^^^^^^^^^^^^^
  File "/home/codespace/.local/lib/python3.12/site-packages/jupyter_core/utils/__init__.py", line 165, in wrapped
    return loop.run_until_complete(inner)
           ^^^^^^^^^^^^^^^^^^^^^^^^^^^^^^
  File "/usr/local/python/3.12.1/lib/python3.12/asyncio/base_events.py", line 684, in run_until_complete
    return future.result()
           ^^^^^^^^^^^^^^^
  File "/usr/local/python/3.12.1/lib/python3.12/site-packages/nbclient/client.py", line 705, in async_execute
    await self.async_execute_cell(
  File "/usr/local/python/3.12.1/lib/python3.12/site-packages/nbclient/client.py", line 1058, in async_execute_cell
    await self._check_raise_for_error(cell, cell_index, exec_reply)
  File "/usr/local/python/3.12.1/lib/python3.12/site-packages/nbclient/client.py", line 914, in _check_raise_for_error
    raise CellExecutionError.from_cell_and_msg(cell, exec_reply_content)
nbclient.exceptions.CellExecutionError: An error occurred while executing the following cell:
------------------
crawl_manajemen()
------------------


[31m---------------------------------------------------------------------------[39m
[31mgaierror[39m                                  Traceback (most recent call last)
[36mFile [39m[32m~/.local/lib/python3.12/site-packages/urllib3/connection.py:198[39m, in [36mHTTPConnection._new_conn[39m[34m(self)[39m
[32m    197[39m [38;5;28;01mtry[39;00m:
[32m--> [39m[32m198[39m     sock = [43mconnection[49m[43m.[49m[43mcreate_connection[49m[43m([49m
[32m    199[39m [43m        [49m[43m([49m[38;5;28;43mself[39;49m[43m.[49m[43m_dns_host[49m[43m,[49m[43m [49m[38;5;28;43mself[39;49m[43m.[49m[43mport[49m[43m)[49m[43m,[49m
[32m    200[39m [43m        [49m[38;5;28;43mself[39;49m[43m.[49m[43mtimeout[49m[43m,[49m
[32m    201[39m [43m        [49m[43msource_address[49m[43m=[49m[38;5;28;43mself[39;49m[43m.[49m[43msource_address[49m[43m,[49m
[32m    202[39m [43m        [49m[43msocket_options[49m[43m=[49m[38;5;28;43mself[39;49m[43m.[49m[43msocket_options[49m[43m,[49m
[32m    203[39m [43m    [49m[43m)[49m
[32m    204[39m [38;5;28;01mexcept[39;00m socket.gaierror [38;5;28;01mas[39;00m e:

[36mFile [39m[32m~/.local/lib/python3.12/site-packages/urllib3/util/connection.py:60[39m, in [36mcreate_connection[39m[34m(address, timeout, source_address, socket_options)[39m
[32m     58[39m     [38;5;28;01mraise[39;00m LocationParseError([33mf[39m[33m"[39m[33m'[39m[38;5;132;01m{[39;00mhost[38;5;132;01m}[39;00m[33m'[39m[33m, label empty or too long[39m[33m"[39m) [38;5;28;01mfrom[39;00m[38;5;250m [39m[38;5;28;01mNone[39;00m
[32m---> [39m[32m60[39m [38;5;28;01mfor[39;00m res [38;5;129;01min[39;00m [43msocket[49m[43m.[49m[43mgetaddrinfo[49m[43m([49m[43mhost[49m[43m,[49m[43m [49m[43mport[49m[43m,[49m[43m [49m[43mfamily[49m[43m,[49m[43m [49m[43msocket[49m[43m.[49m[43mSOCK_STREAM[49m[43m)[49m:
[32m     61[39m     af, socktype, proto, canonname, sa = res

[36mFile [39m[32m/usr/local/python/3.12.1/lib/python3.12/socket.py:963[39m, in [36mgetaddrinfo[39m[34m(host, port, family, type, proto, flags)[39m
[32m    962[39m addrlist = []
[32m--> [39m[32m963[39m [38;5;28;01mfor[39;00m res [38;5;129;01min[39;00m [43m_socket[49m[43m.[49m[43mgetaddrinfo[49m[43m([49m[43mhost[49m[43m,[49m[43m [49m[43mport[49m[43m,[49m[43m [49m[43mfamily[49m[43m,[49m[43m [49m[38;5;28;43mtype[39;49m[43m,[49m[43m [49m[43mproto[49m[43m,[49m[43m [49m[43mflags[49m[43m)[49m:
[32m    964[39m     af, socktype, proto, canonname, sa = res

[31mgaierror[39m: [Errno -2] Name or service not known

The above exception was the direct cause of the following exception:

[31mNameResolutionError[39m                       Traceback (most recent call last)
[36mFile [39m[32m~/.local/lib/python3.12/site-packages/urllib3/connectionpool.py:787[39m, in [36mHTTPConnectionPool.urlopen[39m[34m(self, method, url, body, headers, retries, redirect, assert_same_host, timeout, pool_timeout, release_conn, chunked, body_pos, preload_content, decode_content, **response_kw)[39m
[32m    786[39m [38;5;66;03m# Make the request on the HTTPConnection object[39;00m
[32m--> [39m[32m787[39m response = [38;5;28;43mself[39;49m[43m.[49m[43m_make_request[49m[43m([49m
[32m    788[39m [43m    [49m[43mconn[49m[43m,[49m
[32m    789[39m [43m    [49m[43mmethod[49m[43m,[49m
[32m    790[39m [43m    [49m[43murl[49m[43m,[49m
[32m    791[39m [43m    [49m[43mtimeout[49m[43m=[49m[43mtimeout_obj[49m[43m,[49m
[32m    792[39m [43m    [49m[43mbody[49m[43m=[49m[43mbody[49m[43m,[49m
[32m    793[39m [43m    [49m[43mheaders[49m[43m=[49m[43mheaders[49m[43m,[49m
[32m    794[39m [43m    [49m[43mchunked[49m[43m=[49m[43mchunked[49m[43m,[49m
[32m    795[39m [43m    [49m[43mretries[49m[43m=[49m[43mretries[49m[43m,[49m
[32m    796[39m [43m    [49m[43mresponse_conn[49m[43m=[49m[43mresponse_conn[49m[43m,[49m
[32m    797[39m [43m    [49m[43mpreload_content[49m[43m=[49m[43mpreload_content[49m[43m,[49m
[32m    798[39m [43m    [49m[43mdecode_content[49m[43m=[49m[43mdecode_content[49m[43m,[49m
[32m    799[39m [43m    [49m[43m*[49m[43m*[49m[43mresponse_kw[49m[43m,[49m
[32m    800[39m [43m[49m[43m)[49m
[32m    802[39m [38;5;66;03m# Everything went great![39;00m

[36mFile [39m[32m~/.local/lib/python3.12/site-packages/urllib3/connectionpool.py:488[39m, in [36mHTTPConnectionPool._make_request[39m[34m(self, conn, method, url, body, headers, retries, timeout, chunked, response_conn, preload_content, decode_content, enforce_content_length)[39m
[32m    487[39m         new_e = _wrap_proxy_error(new_e, conn.proxy.scheme)
[32m--> [39m[32m488[39m     [38;5;28;01mraise[39;00m new_e
[32m    490[39m [38;5;66;03m# conn.request() calls http.client.*.request, not the method in[39;00m
[32m    491[39m [38;5;66;03m# urllib3.request. It also calls makefile (recv) on the socket.[39;00m

[36mFile [39m[32m~/.local/lib/python3.12/site-packages/urllib3/connectionpool.py:464[39m, in [36mHTTPConnectionPool._make_request[39m[34m(self, conn, method, url, body, headers, retries, timeout, chunked, response_conn, preload_content, decode_content, enforce_content_length)[39m
[32m    463[39m [38;5;28;01mtry[39;00m:
[32m--> [39m[32m464[39m     [38;5;28;43mself[39;49m[43m.[49m[43m_validate_conn[49m[43m([49m[43mconn[49m[43m)[49m
[32m    465[39m [38;5;28;01mexcept[39;00m (SocketTimeout, BaseSSLError) [38;5;28;01mas[39;00m e:

[36mFile [39m[32m~/.local/lib/python3.12/site-packages/urllib3/connectionpool.py:1093[39m, in [36mHTTPSConnectionPool._validate_conn[39m[34m(self, conn)[39m
[32m   1092[39m [38;5;28;01mif[39;00m conn.is_closed:
[32m-> [39m[32m1093[39m     [43mconn[49m[43m.[49m[43mconnect[49m[43m([49m[43m)[49m
[32m   1095[39m [38;5;66;03m# TODO revise this, see https://github.com/urllib3/urllib3/issues/2791[39;00m

[36mFile [39m[32m~/.local/lib/python3.12/site-packages/urllib3/connection.py:753[39m, in [36mHTTPSConnection.connect[39m[34m(self)[39m
[32m    752[39m sock: socket.socket | ssl.SSLSocket
[32m--> [39m[32m753[39m [38;5;28mself[39m.sock = sock = [38;5;28;43mself[39;49m[43m.[49m[43m_new_conn[49m[43m([49m[43m)[49m
[32m    754[39m server_hostname: [38;5;28mstr[39m = [38;5;28mself[39m.host

[36mFile [39m[32m~/.local/lib/python3.12/site-packages/urllib3/connection.py:205[39m, in [36mHTTPConnection._new_conn[39m[34m(self)[39m
[32m    204[39m [38;5;28;01mexcept[39;00m socket.gaierror [38;5;28;01mas[39;00m e:
[32m--> [39m[32m205[39m     [38;5;28;01mraise[39;00m NameResolutionError([38;5;28mself[39m.host, [38;5;28mself[39m, e) [38;5;28;01mfrom[39;00m[38;5;250m [39m[34;01me[39;00m
[32m    206[39m [38;5;28;01mexcept[39;00m SocketTimeout [38;5;28;01mas[39;00m e:

[31mNameResolutionError[39m: <urllib3.connection.HTTPSConnection object at 0x7722e4333020>: Failed to resolve 'pta.trunojoyo.ac.id' ([Errno -2] Name or service not known)

The above exception was the direct cause of the following exception:

[31mMaxRetryError[39m                             Traceback (most recent call last)
[36mFile [39m[32m~/.local/lib/python3.12/site-packages/requests/adapters.py:644[39m, in [36mHTTPAdapter.send[39m[34m(self, request, stream, timeout, verify, cert, proxies)[39m
[32m    643[39m [38;5;28;01mtry[39;00m:
[32m--> [39m[32m644[39m     resp = [43mconn[49m[43m.[49m[43murlopen[49m[43m([49m
[32m    645[39m [43m        [49m[43mmethod[49m[43m=[49m[43mrequest[49m[43m.[49m[43mmethod[49m[43m,[49m
[32m    646[39m [43m        [49m[43murl[49m[43m=[49m[43murl[49m[43m,[49m
[32m    647[39m [43m        [49m[43mbody[49m[43m=[49m[43mrequest[49m[43m.[49m[43mbody[49m[43m,[49m
[32m    648[39m [43m        [49m[43mheaders[49m[43m=[49m[43mrequest[49m[43m.[49m[43mheaders[49m[43m,[49m
[32m    649[39m [43m        [49m[43mredirect[49m[43m=[49m[38;5;28;43;01mFalse[39;49;00m[43m,[49m
[32m    650[39m [43m        [49m[43massert_same_host[49m[43m=[49m[38;5;28;43;01mFalse[39;49;00m[43m,[49m
[32m    651[39m [43m        [49m[43mpreload_content[49m[43m=[49m[38;5;28;43;01mFalse[39;49;00m[43m,[49m
[32m    652[39m [43m        [49m[43mdecode_content[49m[43m=[49m[38;5;28;43;01mFalse[39;49;00m[43m,[49m
[32m    653[39m [43m        [49m[43mretries[49m[43m=[49m[38;5;28;43mself[39;49m[43m.[49m[43mmax_retries[49m[43m,[49m
[32m    654[39m [43m        [49m[43mtimeout[49m[43m=[49m[43mtimeout[49m[43m,[49m
[32m    655[39m [43m        [49m[43mchunked[49m[43m=[49m[43mchunked[49m[43m,[49m
[32m    656[39m [43m    [49m[43m)[49m
[32m    658[39m [38;5;28;01mexcept[39;00m (ProtocolError, [38;5;167;01mOSError[39;00m) [38;5;28;01mas[39;00m err:

[36mFile [39m[32m~/.local/lib/python3.12/site-packages/urllib3/connectionpool.py:841[39m, in [36mHTTPConnectionPool.urlopen[39m[34m(self, method, url, body, headers, retries, redirect, assert_same_host, timeout, pool_timeout, release_conn, chunked, body_pos, preload_content, decode_content, **response_kw)[39m
[32m    839[39m     new_e = ProtocolError([33m"[39m[33mConnection aborted.[39m[33m"[39m, new_e)
[32m--> [39m[32m841[39m retries = [43mretries[49m[43m.[49m[43mincrement[49m[43m([49m
[32m    842[39m [43m    [49m[43mmethod[49m[43m,[49m[43m [49m[43murl[49m[43m,[49m[43m [49m[43merror[49m[43m=[49m[43mnew_e[49m[43m,[49m[43m [49m[43m_pool[49m[43m=[49m[38;5;28;43mself[39;49m[43m,[49m[43m [49m[43m_stacktrace[49m[43m=[49m[43msys[49m[43m.[49m[43mexc_info[49m[43m([49m[43m)[49m[43m[[49m[32;43m2[39;49m[43m][49m
[32m    843[39m [43m[49m[43m)[49m
[32m    844[39m retries.sleep()

[36mFile [39m[32m~/.local/lib/python3.12/site-packages/urllib3/util/retry.py:519[39m, in [36mRetry.increment[39m[34m(self, method, url, response, error, _pool, _stacktrace)[39m
[32m    518[39m     reason = error [38;5;129;01mor[39;00m ResponseError(cause)
[32m--> [39m[32m519[39m     [38;5;28;01mraise[39;00m MaxRetryError(_pool, url, reason) [38;5;28;01mfrom[39;00m[38;5;250m [39m[34;01mreason[39;00m  [38;5;66;03m# type: ignore[arg-type][39;00m
[32m    521[39m log.debug([33m"[39m[33mIncremented Retry for (url=[39m[33m'[39m[38;5;132;01m%s[39;00m[33m'[39m[33m): [39m[38;5;132;01m%r[39;00m[33m"[39m, url, new_retry)

[31mMaxRetryError[39m: HTTPSConnectionPool(host='pta.trunojoyo.ac.id', port=443): Max retries exceeded with url: /c_search/byprod/7/1 (Caused by NameResolutionError("<urllib3.connection.HTTPSConnection object at 0x7722e4333020>: Failed to resolve 'pta.trunojoyo.ac.id' ([Errno -2] Name or service not known)"))

During handling of the above exception, another exception occurred:

[31mConnectionError[39m                           Traceback (most recent call last)
[36mCell[39m[36m [39m[32mIn[6][39m[32m, line 1[39m
[32m----> [39m[32m1[39m [43mcrawl_manajemen[49m[43m([49m[43m)[49m

[36mCell[39m[36m [39m[32mIn[5][39m[32m, line 36[39m, in [36mcrawl_manajemen[39m[34m()[39m
[32m     33[39m results = []
[32m     35[39m prodi_id = [32m7[39m [38;5;66;03m# id prodi manajemen[39;00m
[32m---> [39m[32m36[39m max_page = [43mget_max_page[49m[43m([49m[43mprodi_id[49m[43m)[49m
[32m     38[39m [38;5;28;01mfor[39;00m j [38;5;129;01min[39;00m [38;5;28mrange[39m([32m1[39m, max_page + [32m1[39m):
[32m     39[39m     url = [33mf[39m[33m"[39m[38;5;132;01m{[39;00mBASE_URL[38;5;132;01m}[39;00m[33m/[39m[38;5;132;01m{[39;00mprodi_id[38;5;132;01m}[39;00m[33m/[39m[38;5;132;01m{[39;00mj[38;5;132;01m}[39;00m[33m"[39m

[36mCell[39m[36m [39m[32mIn[3][39m[32m, line 3[39m, in [36mget_max_page[39m[34m(prodi_id)[39m
[32m      1[39m [38;5;28;01mdef[39;00m[38;5;250m [39m[34mget_max_page[39m(prodi_id):
[32m      2[39m     url = [33mf[39m[33m"[39m[38;5;132;01m{[39;00mBASE_URL[38;5;132;01m}[39;00m[33m/[39m[38;5;132;01m{[39;00mprodi_id[38;5;132;01m}[39;00m[33m/1[39m[33m"[39m
[32m----> [39m[32m3[39m     r = [43mrequests[49m[43m.[49m[43mget[49m[43m([49m[43murl[49m[43m)[49m
[32m      4[39m     soup = BeautifulSoup(r.content, [33m"[39m[33mhtml.parser[39m[33m"[39m)
[32m      6[39m     last_page = soup.select_one([33m'[39m[33mol.pagination a:contains([39m[33m"[39m[33mÂ»[39m[33m"[39m[33m)[39m[33m'[39m)

[36mFile [39m[32m~/.local/lib/python3.12/site-packages/requests/api.py:73[39m, in [36mget[39m[34m(url, params, **kwargs)[39m
[32m     62[39m [38;5;28;01mdef[39;00m[38;5;250m [39m[34mget[39m(url, params=[38;5;28;01mNone[39;00m, **kwargs):
[32m     63[39m [38;5;250m    [39m[33mr[39m[33;03m"""Sends a GET request.[39;00m
[32m     64[39m 
[32m     65[39m [33;03m    :param url: URL for the new :class:`Request` object.[39;00m
[32m   (...)[39m[32m     70[39m [33;03m    :rtype: requests.Response[39;00m
[32m     71[39m [33;03m    """[39;00m
[32m---> [39m[32m73[39m     [38;5;28;01mreturn[39;00m [43mrequest[49m[43m([49m[33;43m"[39;49m[33;43mget[39;49m[33;43m"[39;49m[43m,[49m[43m [49m[43murl[49m[43m,[49m[43m [49m[43mparams[49m[43m=[49m[43mparams[49m[43m,[49m[43m [49m[43m*[49m[43m*[49m[43mkwargs[49m[43m)[49m

[36mFile [39m[32m~/.local/lib/python3.12/site-packages/requests/api.py:59[39m, in [36mrequest[39m[34m(method, url, **kwargs)[39m
[32m     55[39m [38;5;66;03m# By using the 'with' statement we are sure the session is closed, thus we[39;00m
[32m     56[39m [38;5;66;03m# avoid leaving sockets open which can trigger a ResourceWarning in some[39;00m
[32m     57[39m [38;5;66;03m# cases, and look like a memory leak in others.[39;00m
[32m     58[39m [38;5;28;01mwith[39;00m sessions.Session() [38;5;28;01mas[39;00m session:
[32m---> [39m[32m59[39m     [38;5;28;01mreturn[39;00m [43msession[49m[43m.[49m[43mrequest[49m[43m([49m[43mmethod[49m[43m=[49m[43mmethod[49m[43m,[49m[43m [49m[43murl[49m[43m=[49m[43murl[49m[43m,[49m[43m [49m[43m*[49m[43m*[49m[43mkwargs[49m[43m)[49m

[36mFile [39m[32m~/.local/lib/python3.12/site-packages/requests/sessions.py:589[39m, in [36mSession.request[39m[34m(self, method, url, params, data, headers, cookies, files, auth, timeout, allow_redirects, proxies, hooks, stream, verify, cert, json)[39m
[32m    584[39m send_kwargs = {
[32m    585[39m     [33m"[39m[33mtimeout[39m[33m"[39m: timeout,
[32m    586[39m     [33m"[39m[33mallow_redirects[39m[33m"[39m: allow_redirects,
[32m    587[39m }
[32m    588[39m send_kwargs.update(settings)
[32m--> [39m[32m589[39m resp = [38;5;28;43mself[39;49m[43m.[49m[43msend[49m[43m([49m[43mprep[49m[43m,[49m[43m [49m[43m*[49m[43m*[49m[43msend_kwargs[49m[43m)[49m
[32m    591[39m [38;5;28;01mreturn[39;00m resp

[36mFile [39m[32m~/.local/lib/python3.12/site-packages/requests/sessions.py:703[39m, in [36mSession.send[39m[34m(self, request, **kwargs)[39m
[32m    700[39m start = preferred_clock()
[32m    702[39m [38;5;66;03m# Send the request[39;00m
[32m--> [39m[32m703[39m r = [43madapter[49m[43m.[49m[43msend[49m[43m([49m[43mrequest[49m[43m,[49m[43m [49m[43m*[49m[43m*[49m[43mkwargs[49m[43m)[49m
[32m    705[39m [38;5;66;03m# Total elapsed time of the request (approximately)[39;00m
[32m    706[39m elapsed = preferred_clock() - start

[36mFile [39m[32m~/.local/lib/python3.12/site-packages/requests/adapters.py:677[39m, in [36mHTTPAdapter.send[39m[34m(self, request, stream, timeout, verify, cert, proxies)[39m
[32m    673[39m     [38;5;28;01mif[39;00m [38;5;28misinstance[39m(e.reason, _SSLError):
[32m    674[39m         [38;5;66;03m# This branch is for urllib3 v1.22 and later.[39;00m
[32m    675[39m         [38;5;28;01mraise[39;00m SSLError(e, request=request)
[32m--> [39m[32m677[39m     [38;5;28;01mraise[39;00m [38;5;167;01mConnectionError[39;00m(e, request=request)
[32m    679[39m [38;5;28;01mexcept[39;00m ClosedPoolError [38;5;28;01mas[39;00m e:
[32m    680[39m     [38;5;28;01mraise[39;00m [38;5;167;01mConnectionError[39;00m(e, request=request)

[31mConnectionError[39m: HTTPSConnectionPool(host='pta.trunojoyo.ac.id', port=443): Max retries exceeded with url: /c_search/byprod/7/1 (Caused by NameResolutionError("<urllib3.connection.HTTPSConnection object at 0x7722e4333020>: Failed to resolve 'pta.trunojoyo.ac.id' ([Errno -2] Name or service not known)"))

